01:34:38 INFO  : Launching XSCT server: xsct -n  -interactive /home/sam/git_workspace/floating-point-axi-lite-slave-interface-/temp_xsdb_launch_script.tcl
01:34:38 INFO  : Platform repository initialization has completed.
01:34:38 INFO  : Registering command handlers for Vitis TCF services
01:34:41 INFO  : XSCT server has started successfully.
01:34:42 INFO  : plnx-install-location is set to ''
01:34:42 INFO  : Successfully done setting XSCT server connection channel  
01:34:42 INFO  : Successfully done query RDI_DATADIR 
01:34:42 INFO  : Successfully done setting workspace for the tool. 
01:37:09 INFO  : Result from executing command 'getProjects': gravity_pp
01:37:09 INFO  : Result from executing command 'getPlatforms': 
01:37:30 INFO  : Result from executing command 'getProjects': gravity_pp
01:37:30 INFO  : Result from executing command 'getPlatforms': gravity_pp|/home/sam/git_workspace/floating-point-axi-lite-slave-interface-/gravity_pp/export/gravity_pp/gravity_pp.xpfm
09:33:42 INFO  : Launching XSCT server: xsct -n  -interactive /home/sam/git_workspace/floating-point-axi-lite-slave-interface-/temp_xsdb_launch_script.tcl
09:33:44 INFO  : Platform repository initialization has completed.
09:33:44 INFO  : Registering command handlers for Vitis TCF services
09:33:45 INFO  : XSCT server has started successfully.
09:33:45 INFO  : Successfully done setting XSCT server connection channel  
09:33:46 INFO  : plnx-install-location is set to ''
09:33:46 INFO  : Successfully done setting workspace for the tool. 
09:33:46 INFO  : Successfully done query RDI_DATADIR 
10:38:54 INFO  : Connected to target on host '127.0.0.1' and port '3121'.
10:38:54 INFO  : Jtag cable 'Digilent Zybo 210279655196A' is selected.
10:38:54 INFO  : 'jtag frequency' command is executed.
10:38:54 INFO  : Context for 'APU' is selected.
10:38:54 INFO  : System reset is completed.
10:38:57 INFO  : 'after 3000' command is executed.
10:38:57 INFO  : 'targets -set -filter {jtag_cable_name =~ "Digilent Zybo 210279655196A" && level==0 && jtag_device_ctx=="jsn-Zybo-210279655196A-13722093-0"}' command is executed.
10:38:59 INFO  : Device configured successfully with "/home/sam/git_workspace/floating-point-axi-lite-slave-interface-/gravity_app/_ide/bitstream/design_1_wrapper.bit"
10:38:59 INFO  : Context for 'APU' is selected.
10:38:59 INFO  : Hardware design and registers information is loaded from '/home/sam/git_workspace/floating-point-axi-lite-slave-interface-/gravity_pp/export/gravity_pp/hw/design_1_wrapper.xsa'.
10:38:59 INFO  : 'configparams force-mem-access 1' command is executed.
10:38:59 INFO  : Context for 'APU' is selected.
10:38:59 INFO  : Sourcing of '/home/sam/git_workspace/floating-point-axi-lite-slave-interface-/gravity_app/_ide/psinit/ps7_init.tcl' is done.
10:38:59 INFO  : 'ps7_init' command is executed.
10:38:59 INFO  : 'ps7_post_config' command is executed.
10:38:59 INFO  : 'configparams force-mem-access 0' command is executed.
10:38:59 INFO  : ----------------XSDB Script----------------
connect -url tcp:127.0.0.1:3121
targets -set -nocase -filter {name =~"APU*"}
rst -system
after 3000
targets -set -filter {jtag_cable_name =~ "Digilent Zybo 210279655196A" && level==0 && jtag_device_ctx=="jsn-Zybo-210279655196A-13722093-0"}
fpga -file /home/sam/git_workspace/floating-point-axi-lite-slave-interface-/gravity_app/_ide/bitstream/design_1_wrapper.bit
targets -set -nocase -filter {name =~"APU*"}
loadhw -hw /home/sam/git_workspace/floating-point-axi-lite-slave-interface-/gravity_pp/export/gravity_pp/hw/design_1_wrapper.xsa -mem-ranges [list {0x40000000 0xbfffffff}] -regs
configparams force-mem-access 1
targets -set -nocase -filter {name =~"APU*"}
source /home/sam/git_workspace/floating-point-axi-lite-slave-interface-/gravity_app/_ide/psinit/ps7_init.tcl
ps7_init
ps7_post_config
configparams force-mem-access 0
----------------End of Script----------------

10:38:59 INFO  : Launch script is exported to file '/home/sam/git_workspace/floating-point-axi-lite-slave-interface-/gravity_app_system/_ide/scripts/debugger_gravity_app-default.tcl'
10:39:32 INFO  : Disconnected from the channel tcfchan#1.
10:40:14 INFO  : Connected to target on host '127.0.0.1' and port '3121'.
10:40:14 INFO  : Jtag cable 'Digilent Zybo 210279655196A' is selected.
10:40:14 INFO  : 'jtag frequency' command is executed.
10:40:14 INFO  : Context for 'APU' is selected.
10:40:14 INFO  : System reset is completed.
10:40:17 INFO  : 'after 3000' command is executed.
10:40:17 INFO  : 'targets -set -filter {jtag_cable_name =~ "Digilent Zybo 210279655196A" && level==0 && jtag_device_ctx=="jsn-Zybo-210279655196A-13722093-0"}' command is executed.
10:40:18 INFO  : Device configured successfully with "/home/sam/git_workspace/floating-point-axi-lite-slave-interface-/gravity_app/_ide/bitstream/design_1_wrapper.bit"
10:40:18 INFO  : Context for 'APU' is selected.
10:40:19 INFO  : Hardware design and registers information is loaded from '/home/sam/git_workspace/floating-point-axi-lite-slave-interface-/gravity_pp/export/gravity_pp/hw/design_1_wrapper.xsa'.
10:40:19 INFO  : 'configparams force-mem-access 1' command is executed.
10:40:20 INFO  : Context for 'APU' is selected.
10:40:20 INFO  : Sourcing of '/home/sam/git_workspace/floating-point-axi-lite-slave-interface-/gravity_app/_ide/psinit/ps7_init.tcl' is done.
10:40:20 INFO  : 'ps7_init' command is executed.
10:40:20 INFO  : 'ps7_post_config' command is executed.
10:40:20 INFO  : 'configparams force-mem-access 0' command is executed.
10:40:20 INFO  : ----------------XSDB Script----------------
connect -url tcp:127.0.0.1:3121
targets -set -nocase -filter {name =~"APU*"}
rst -system
after 3000
targets -set -filter {jtag_cable_name =~ "Digilent Zybo 210279655196A" && level==0 && jtag_device_ctx=="jsn-Zybo-210279655196A-13722093-0"}
fpga -file /home/sam/git_workspace/floating-point-axi-lite-slave-interface-/gravity_app/_ide/bitstream/design_1_wrapper.bit
targets -set -nocase -filter {name =~"APU*"}
loadhw -hw /home/sam/git_workspace/floating-point-axi-lite-slave-interface-/gravity_pp/export/gravity_pp/hw/design_1_wrapper.xsa -mem-ranges [list {0x40000000 0xbfffffff}] -regs
configparams force-mem-access 1
targets -set -nocase -filter {name =~"APU*"}
source /home/sam/git_workspace/floating-point-axi-lite-slave-interface-/gravity_app/_ide/psinit/ps7_init.tcl
ps7_init
ps7_post_config
configparams force-mem-access 0
----------------End of Script----------------

10:40:20 INFO  : Launch script is exported to file '/home/sam/git_workspace/floating-point-axi-lite-slave-interface-/gravity_app_system/_ide/scripts/debugger_gravity_app-default.tcl'
10:41:36 INFO  : Checking for BSP changes to sync application flags for project 'gravity_app'...
11:23:29 INFO  : Checking for BSP changes to sync application flags for project 'gravity_app'...
11:25:50 INFO  : Checking for BSP changes to sync application flags for project 'gravity_app'...
11:26:26 INFO  : Checking for BSP changes to sync application flags for project 'gravity_app'...
11:26:48 INFO  : Disconnected from the channel tcfchan#2.
11:26:49 INFO  : Connected to target on host '127.0.0.1' and port '3121'.
11:26:49 INFO  : Jtag cable 'Digilent Zybo 210279655196A' is selected.
11:26:49 INFO  : 'jtag frequency' command is executed.
11:26:49 INFO  : Context for 'APU' is selected.
11:26:49 INFO  : System reset is completed.
11:26:52 INFO  : 'after 3000' command is executed.
11:26:52 INFO  : 'targets -set -filter {jtag_cable_name =~ "Digilent Zybo 210279655196A" && level==0 && jtag_device_ctx=="jsn-Zybo-210279655196A-13722093-0"}' command is executed.
11:26:53 INFO  : Device configured successfully with "/home/sam/git_workspace/floating-point-axi-lite-slave-interface-/gravity_app/_ide/bitstream/design_1_wrapper.bit"
11:26:53 INFO  : Context for 'APU' is selected.
11:26:55 INFO  : Hardware design and registers information is loaded from '/home/sam/git_workspace/floating-point-axi-lite-slave-interface-/gravity_pp/export/gravity_pp/hw/design_1_wrapper.xsa'.
11:26:55 INFO  : 'configparams force-mem-access 1' command is executed.
11:26:55 INFO  : Context for 'APU' is selected.
11:26:55 INFO  : Sourcing of '/home/sam/git_workspace/floating-point-axi-lite-slave-interface-/gravity_app/_ide/psinit/ps7_init.tcl' is done.
11:26:55 INFO  : 'ps7_init' command is executed.
11:26:55 INFO  : 'ps7_post_config' command is executed.
11:26:55 INFO  : Context for processor 'ps7_cortexa9_0' is selected.
11:26:55 INFO  : The application '/home/sam/git_workspace/floating-point-axi-lite-slave-interface-/gravity_app/Debug/gravity_app.elf' is downloaded to processor 'ps7_cortexa9_0'.
11:26:55 INFO  : 'configparams force-mem-access 0' command is executed.
11:26:55 INFO  : ----------------XSDB Script----------------
connect -url tcp:127.0.0.1:3121
targets -set -nocase -filter {name =~"APU*"}
rst -system
after 3000
targets -set -filter {jtag_cable_name =~ "Digilent Zybo 210279655196A" && level==0 && jtag_device_ctx=="jsn-Zybo-210279655196A-13722093-0"}
fpga -file /home/sam/git_workspace/floating-point-axi-lite-slave-interface-/gravity_app/_ide/bitstream/design_1_wrapper.bit
targets -set -nocase -filter {name =~"APU*"}
loadhw -hw /home/sam/git_workspace/floating-point-axi-lite-slave-interface-/gravity_pp/export/gravity_pp/hw/design_1_wrapper.xsa -mem-ranges [list {0x40000000 0xbfffffff}] -regs
configparams force-mem-access 1
targets -set -nocase -filter {name =~"APU*"}
source /home/sam/git_workspace/floating-point-axi-lite-slave-interface-/gravity_app/_ide/psinit/ps7_init.tcl
ps7_init
ps7_post_config
targets -set -nocase -filter {name =~ "*A9*#0"}
dow /home/sam/git_workspace/floating-point-axi-lite-slave-interface-/gravity_app/Debug/gravity_app.elf
configparams force-mem-access 0
----------------End of Script----------------

11:26:55 INFO  : Context for processor 'ps7_cortexa9_0' is selected.
11:26:55 INFO  : 'con' command is executed.
11:26:55 INFO  : ----------------XSDB Script (After Launch)----------------
targets -set -nocase -filter {name =~ "*A9*#0"}
con
----------------End of Script----------------

11:26:55 INFO  : Launch script is exported to file '/home/sam/git_workspace/floating-point-axi-lite-slave-interface-/gravity_app_system/_ide/scripts/debugger_gravity_app-default.tcl'
11:27:39 INFO  : Launching XSCT server: xsct -n  -interactive /home/sam/git_workspace/floating-point-axi-lite-slave-interface-/temp_xsdb_launch_script.tcl
11:27:41 INFO  : Platform repository initialization has completed.
11:27:41 INFO  : Registering command handlers for Vitis TCF services
11:27:42 INFO  : XSCT server has started successfully.
11:27:42 INFO  : Successfully done setting XSCT server connection channel  
11:27:42 INFO  : plnx-install-location is set to ''
11:27:42 INFO  : Successfully done setting workspace for the tool. 
11:27:42 INFO  : Successfully done query RDI_DATADIR 
11:28:24 INFO  : Checking for BSP changes to sync application flags for project 'gravity_app'...
11:29:11 INFO  : Connected to target on host '127.0.0.1' and port '3121'.
11:29:11 INFO  : Jtag cable 'Digilent Zybo 210279655196A' is selected.
11:29:11 INFO  : 'jtag frequency' command is executed.
11:29:11 INFO  : Context for 'APU' is selected.
11:29:11 INFO  : System reset is completed.
11:29:14 INFO  : 'after 3000' command is executed.
11:29:14 INFO  : 'targets -set -filter {jtag_cable_name =~ "Digilent Zybo 210279655196A" && level==0 && jtag_device_ctx=="jsn-Zybo-210279655196A-13722093-0"}' command is executed.
11:29:16 INFO  : Device configured successfully with "/home/sam/git_workspace/floating-point-axi-lite-slave-interface-/gravity_app/_ide/bitstream/design_1_wrapper.bit"
11:29:16 INFO  : Context for 'APU' is selected.
11:29:16 INFO  : Hardware design and registers information is loaded from '/home/sam/git_workspace/floating-point-axi-lite-slave-interface-/gravity_pp/export/gravity_pp/hw/design_1_wrapper.xsa'.
11:29:16 INFO  : 'configparams force-mem-access 1' command is executed.
11:29:16 INFO  : Context for 'APU' is selected.
11:29:16 INFO  : Sourcing of '/home/sam/git_workspace/floating-point-axi-lite-slave-interface-/gravity_app/_ide/psinit/ps7_init.tcl' is done.
11:29:16 INFO  : 'ps7_init' command is executed.
11:29:16 INFO  : 'ps7_post_config' command is executed.
11:29:16 INFO  : Context for processor 'ps7_cortexa9_0' is selected.
11:29:16 INFO  : The application '/home/sam/git_workspace/floating-point-axi-lite-slave-interface-/gravity_app/Debug/gravity_app.elf' is downloaded to processor 'ps7_cortexa9_0'.
11:29:16 INFO  : 'configparams force-mem-access 0' command is executed.
11:29:16 INFO  : ----------------XSDB Script----------------
connect -url tcp:127.0.0.1:3121
targets -set -nocase -filter {name =~"APU*"}
rst -system
after 3000
targets -set -filter {jtag_cable_name =~ "Digilent Zybo 210279655196A" && level==0 && jtag_device_ctx=="jsn-Zybo-210279655196A-13722093-0"}
fpga -file /home/sam/git_workspace/floating-point-axi-lite-slave-interface-/gravity_app/_ide/bitstream/design_1_wrapper.bit
targets -set -nocase -filter {name =~"APU*"}
loadhw -hw /home/sam/git_workspace/floating-point-axi-lite-slave-interface-/gravity_pp/export/gravity_pp/hw/design_1_wrapper.xsa -mem-ranges [list {0x40000000 0xbfffffff}] -regs
configparams force-mem-access 1
targets -set -nocase -filter {name =~"APU*"}
source /home/sam/git_workspace/floating-point-axi-lite-slave-interface-/gravity_app/_ide/psinit/ps7_init.tcl
ps7_init
ps7_post_config
targets -set -nocase -filter {name =~ "*A9*#0"}
dow /home/sam/git_workspace/floating-point-axi-lite-slave-interface-/gravity_app/Debug/gravity_app.elf
configparams force-mem-access 0
----------------End of Script----------------

11:29:16 INFO  : Context for processor 'ps7_cortexa9_0' is selected.
11:29:16 INFO  : 'con' command is executed.
11:29:16 INFO  : ----------------XSDB Script (After Launch)----------------
targets -set -nocase -filter {name =~ "*A9*#0"}
con
----------------End of Script----------------

11:29:16 INFO  : Launch script is exported to file '/home/sam/git_workspace/floating-point-axi-lite-slave-interface-/gravity_app_system/_ide/scripts/debugger_gravity_app-default.tcl'
11:30:34 INFO  : Disconnected from the channel tcfchan#1.
11:30:35 INFO  : Connected to target on host '127.0.0.1' and port '3121'.
11:30:36 INFO  : Jtag cable 'Digilent Zybo 210279655196A' is selected.
11:30:36 INFO  : 'jtag frequency' command is executed.
11:30:36 INFO  : Context for 'APU' is selected.
11:30:36 INFO  : System reset is completed.
11:30:39 INFO  : 'after 3000' command is executed.
11:30:39 INFO  : 'targets -set -filter {jtag_cable_name =~ "Digilent Zybo 210279655196A" && level==0 && jtag_device_ctx=="jsn-Zybo-210279655196A-13722093-0"}' command is executed.
11:30:40 INFO  : Device configured successfully with "/home/sam/git_workspace/floating-point-axi-lite-slave-interface-/gravity_app/_ide/bitstream/design_1_wrapper.bit"
11:30:40 INFO  : Context for 'APU' is selected.
11:30:41 INFO  : Hardware design and registers information is loaded from '/home/sam/git_workspace/floating-point-axi-lite-slave-interface-/gravity_pp/export/gravity_pp/hw/design_1_wrapper.xsa'.
11:30:41 INFO  : 'configparams force-mem-access 1' command is executed.
11:30:41 INFO  : Context for 'APU' is selected.
11:30:41 INFO  : Sourcing of '/home/sam/git_workspace/floating-point-axi-lite-slave-interface-/gravity_app/_ide/psinit/ps7_init.tcl' is done.
11:30:41 INFO  : 'ps7_init' command is executed.
11:30:41 INFO  : 'ps7_post_config' command is executed.
11:30:41 INFO  : Context for processor 'ps7_cortexa9_0' is selected.
11:30:42 INFO  : The application '/home/sam/git_workspace/floating-point-axi-lite-slave-interface-/gravity_app/Debug/gravity_app.elf' is downloaded to processor 'ps7_cortexa9_0'.
11:30:42 INFO  : 'configparams force-mem-access 0' command is executed.
11:30:42 INFO  : ----------------XSDB Script----------------
connect -url tcp:127.0.0.1:3121
targets -set -nocase -filter {name =~"APU*"}
rst -system
after 3000
targets -set -filter {jtag_cable_name =~ "Digilent Zybo 210279655196A" && level==0 && jtag_device_ctx=="jsn-Zybo-210279655196A-13722093-0"}
fpga -file /home/sam/git_workspace/floating-point-axi-lite-slave-interface-/gravity_app/_ide/bitstream/design_1_wrapper.bit
targets -set -nocase -filter {name =~"APU*"}
loadhw -hw /home/sam/git_workspace/floating-point-axi-lite-slave-interface-/gravity_pp/export/gravity_pp/hw/design_1_wrapper.xsa -mem-ranges [list {0x40000000 0xbfffffff}] -regs
configparams force-mem-access 1
targets -set -nocase -filter {name =~"APU*"}
source /home/sam/git_workspace/floating-point-axi-lite-slave-interface-/gravity_app/_ide/psinit/ps7_init.tcl
ps7_init
ps7_post_config
targets -set -nocase -filter {name =~ "*A9*#0"}
dow /home/sam/git_workspace/floating-point-axi-lite-slave-interface-/gravity_app/Debug/gravity_app.elf
configparams force-mem-access 0
----------------End of Script----------------

11:30:42 INFO  : Context for processor 'ps7_cortexa9_0' is selected.
11:30:42 INFO  : 'con' command is executed.
11:30:42 INFO  : ----------------XSDB Script (After Launch)----------------
targets -set -nocase -filter {name =~ "*A9*#0"}
con
----------------End of Script----------------

11:30:42 INFO  : Launch script is exported to file '/home/sam/git_workspace/floating-point-axi-lite-slave-interface-/gravity_app_system/_ide/scripts/debugger_gravity_app-default.tcl'
11:31:35 INFO  : Result from executing command 'removePlatformRepo': 
11:31:55 INFO  : Result from executing command 'getProjects': gravity_pp
11:31:55 INFO  : Result from executing command 'getPlatforms': 
11:31:58 INFO  : Checking for BSP changes to sync application flags for project 'gravity_app'...
11:34:47 INFO  : Checking for BSP changes to sync application flags for project 'gravity_app'...
11:35:26 INFO  : Disconnected from the channel tcfchan#2.
11:35:27 INFO  : Connected to target on host '127.0.0.1' and port '3121'.
11:35:27 INFO  : Jtag cable 'Digilent Zybo 210279655196A' is selected.
11:35:27 INFO  : 'jtag frequency' command is executed.
11:35:27 INFO  : Context for 'APU' is selected.
11:35:27 INFO  : System reset is completed.
11:35:30 INFO  : 'after 3000' command is executed.
11:35:30 INFO  : 'targets -set -filter {jtag_cable_name =~ "Digilent Zybo 210279655196A" && level==0 && jtag_device_ctx=="jsn-Zybo-210279655196A-13722093-0"}' command is executed.
11:35:32 INFO  : Device configured successfully with "/home/sam/git_workspace/floating-point-axi-lite-slave-interface-/gravity_app/_ide/bitstream/design_1_wrapper.bit"
11:35:32 INFO  : Context for 'APU' is selected.
11:35:32 INFO  : Hardware design and registers information is loaded from '/home/sam/git_workspace/floating-point-axi-lite-slave-interface-/gravity_pp/export/gravity_pp/hw/design_1_wrapper.xsa'.
11:35:32 INFO  : 'configparams force-mem-access 1' command is executed.
11:35:32 INFO  : Context for 'APU' is selected.
11:35:32 INFO  : Sourcing of '/home/sam/git_workspace/floating-point-axi-lite-slave-interface-/gravity_app/_ide/psinit/ps7_init.tcl' is done.
11:35:32 INFO  : 'ps7_init' command is executed.
11:35:32 INFO  : 'ps7_post_config' command is executed.
11:35:32 INFO  : Context for processor 'ps7_cortexa9_0' is selected.
11:35:32 INFO  : The application '/home/sam/git_workspace/floating-point-axi-lite-slave-interface-/gravity_app/Debug/gravity_app.elf' is downloaded to processor 'ps7_cortexa9_0'.
11:35:32 INFO  : 'configparams force-mem-access 0' command is executed.
11:35:32 INFO  : ----------------XSDB Script----------------
connect -url tcp:127.0.0.1:3121
targets -set -nocase -filter {name =~"APU*"}
rst -system
after 3000
targets -set -filter {jtag_cable_name =~ "Digilent Zybo 210279655196A" && level==0 && jtag_device_ctx=="jsn-Zybo-210279655196A-13722093-0"}
fpga -file /home/sam/git_workspace/floating-point-axi-lite-slave-interface-/gravity_app/_ide/bitstream/design_1_wrapper.bit
targets -set -nocase -filter {name =~"APU*"}
loadhw -hw /home/sam/git_workspace/floating-point-axi-lite-slave-interface-/gravity_pp/export/gravity_pp/hw/design_1_wrapper.xsa -mem-ranges [list {0x40000000 0xbfffffff}] -regs
configparams force-mem-access 1
targets -set -nocase -filter {name =~"APU*"}
source /home/sam/git_workspace/floating-point-axi-lite-slave-interface-/gravity_app/_ide/psinit/ps7_init.tcl
ps7_init
ps7_post_config
targets -set -nocase -filter {name =~ "*A9*#0"}
dow /home/sam/git_workspace/floating-point-axi-lite-slave-interface-/gravity_app/Debug/gravity_app.elf
configparams force-mem-access 0
----------------End of Script----------------

11:35:32 INFO  : Context for processor 'ps7_cortexa9_0' is selected.
11:35:32 INFO  : 'con' command is executed.
11:35:32 INFO  : ----------------XSDB Script (After Launch)----------------
targets -set -nocase -filter {name =~ "*A9*#0"}
con
----------------End of Script----------------

11:35:32 INFO  : Launch script is exported to file '/home/sam/git_workspace/floating-point-axi-lite-slave-interface-/gravity_app_system/_ide/scripts/systemdebugger_gravity_app_system_standalone.tcl'
11:37:08 INFO  : Checking for BSP changes to sync application flags for project 'gravity_app'...
11:37:35 INFO  : Checking for BSP changes to sync application flags for project 'gravity_app'...
