INFO: Applying HLS Y2K22 patch v1.2 for IP revision
INFO: [HLS 200-10] Running '/tools/Xilinx/Vitis_HLS/2021.2/bin/unwrapped/lnx64.o/vitis_hls'
INFO: [HLS 200-10] For user 'sam' on host 'sam-HP-Pavilion-Laptop-15-eg0xxx' (Linux_x86_64 version 5.4.0-100-generic) on Fri Feb 25 01:15:50 CET 2022
INFO: [HLS 200-10] On os Ubuntu 18.04.6 LTS
INFO: [HLS 200-10] In directory '/home/sam/git_workspace/floating-point-axi-lite-slave-interface-'
Sourcing Tcl script '/home/sam/git_workspace/floating-point-axi-lite-slave-interface-/axi_lite_slave_gravity/solution1/export.tcl'
INFO: [HLS 200-1510] Running: open_project axi_lite_slave_gravity 
INFO: [HLS 200-10] Opening project '/home/sam/git_workspace/floating-point-axi-lite-slave-interface-/axi_lite_slave_gravity'.
INFO: [HLS 200-1510] Running: set_top gravity 
INFO: [HLS 200-1510] Running: add_files core.cpp 
INFO: [HLS 200-10] Adding design file 'core.cpp' to the project
INFO: [HLS 200-1510] Running: add_files -tb test_core.cpp 
INFO: [HLS 200-10] Adding test bench file 'test_core.cpp' to the project
INFO: [HLS 200-1510] Running: add_files -tb test_core.h 
INFO: [HLS 200-10] Adding test bench file 'test_core.h' to the project
INFO: [HLS 200-1510] Running: open_solution solution1 -flow_target vivado 
INFO: [HLS 200-10] Opening solution '/home/sam/git_workspace/floating-point-axi-lite-slave-interface-/axi_lite_slave_gravity/solution1'.
INFO: [SYN 201-201] Setting up clock 'default' with a period of 10ns.
INFO: [HLS 200-1611] Setting target device to 'xc7z010-clg400-1'
INFO: [HLS 200-1505] Using flow_target 'vivado'
Resolution: For help on HLS 200-1505 see www.xilinx.com/cgi-bin/docs/rdoc?v=2021.2;t=hls+guidance;d=200-1505.html
INFO: [HLS 200-1464] Running solution command: config_export -output=/home/sam/git_workspace/floating-point-axi-lite-slave-interface-
INFO: [HLS 200-1510] Running: set_part xc7z010clg400-1 
INFO: [HLS 200-1510] Running: create_clock -period 10 -name default 
INFO: [SYN 201-201] Setting up clock 'default' with a period of 10ns.
INFO: [HLS 200-1510] Running: config_export -output /home/sam/git_workspace/floating-point-axi-lite-slave-interface- 
INFO: [HLS 200-1510] Running: export_design -rtl verilog -format ip_catalog -output /home/sam/git_workspace/floating-point-axi-lite-slave-interface- 
INFO: [IMPL 213-8] Exporting RTL as a Vivado IP.

****** Vivado v2021.2 (64-bit)
  **** SW Build 3367213 on Tue Oct 19 02:47:39 MDT 2021
  **** IP Build 3369179 on Thu Oct 21 08:25:16 MDT 2021
    ** Copyright 1986-2021 Xilinx, Inc. All Rights Reserved.

source run_ippack.tcl -notrace
INFO: [IP_Flow 19-234] Refreshing IP repositories
INFO: [IP_Flow 19-1704] No user IP repositories specified
INFO: [IP_Flow 19-2313] Loaded Vivado IP repository '/tools/Xilinx/Vivado/2021.2/data/ip'.
WARNING: [IP_Flow 19-4832] The IP name 'gravity_fcmp_32ns_32ns_1_2_no_dsp_1_ip' you have specified is long. The Windows operating system has path length limitations. It is recommended you use shorter names to reduce the likelihood of issues.
INFO: [IP_Flow 19-1686] Generating 'Synthesis' target for IP 'gravity_fcmp_32ns_32ns_1_2_no_dsp_1_ip'...
INFO: [IP_Flow 19-1686] Generating 'Simulation' target for IP 'gravity_fcmp_32ns_32ns_1_2_no_dsp_1_ip'...
WARNING: [IP_Flow 19-4832] The IP name 'gravity_fdiv_32ns_32ns_32_16_no_dsp_1_ip' you have specified is long. The Windows operating system has path length limitations. It is recommended you use shorter names to reduce the likelihood of issues.
INFO: [IP_Flow 19-1686] Generating 'Synthesis' target for IP 'gravity_fdiv_32ns_32ns_32_16_no_dsp_1_ip'...
INFO: [IP_Flow 19-1686] Generating 'Simulation' target for IP 'gravity_fdiv_32ns_32ns_32_16_no_dsp_1_ip'...
WARNING: [IP_Flow 19-4832] The IP name 'gravity_fmul_32ns_32ns_32_4_max_dsp_1_ip' you have specified is long. The Windows operating system has path length limitations. It is recommended you use shorter names to reduce the likelihood of issues.
INFO: [IP_Flow 19-1686] Generating 'Synthesis' target for IP 'gravity_fmul_32ns_32ns_32_4_max_dsp_1_ip'...
INFO: [IP_Flow 19-1686] Generating 'Simulation' target for IP 'gravity_fmul_32ns_32ns_32_4_max_dsp_1_ip'...
INFO: [IP_Flow 19-234] Refreshing IP repositories
INFO: [IP_Flow 19-1704] No user IP repositories specified
INFO: [IP_Flow 19-2313] Loaded Vivado IP repository '/tools/Xilinx/Vivado/2021.2/data/ip'.
INFO: [Common 17-206] Exiting Vivado at Fri Feb 25 01:16:08 2022...
INFO: [HLS 200-802] Generated output file export.zip
INFO: [HLS 200-111] Finished Command export_design CPU user time: 18.58 seconds. CPU system time: 0.73 seconds. Elapsed time: 19.24 seconds; current allocated memory: -929.164 MB.
INFO: [HLS 200-112] Total CPU user time: 20.26 seconds. Total CPU system time: 1.1 seconds. Total elapsed time: 20.49 seconds; peak allocated memory: 293.137 MB.
