#-----------------------------------------------------------
# xsim v2021.2 (64-bit)
# SW Build 3367213 on Tue Oct 19 02:47:39 MDT 2021
# IP Build 3369179 on Thu Oct 21 08:25:16 MDT 2021
# Start of session at: Fri Feb 25 00:34:33 2022
# Process ID: 28313
# Current directory: /home/sam/git_workspace/floating-point-axi-lite-slave-interface-/axi_lite_slave_gravity/solution1/sim/vhdl
# Command line: xsim -mode tcl -source {xsim.dir/gravity/xsim_script.tcl}
# Log file: /home/sam/git_workspace/floating-point-axi-lite-slave-interface-/axi_lite_slave_gravity/solution1/sim/vhdl/xsim.log
# Journal file: /home/sam/git_workspace/floating-point-axi-lite-slave-interface-/axi_lite_slave_gravity/solution1/sim/vhdl/xsim.jou
# Running On: sam-HP-Pavilion-Laptop-15-eg0xxx, OS: Linux, CPU Frequency: 727.895 MHz, CPU Physical cores: 4, Host memory: 16540 MB
#-----------------------------------------------------------
source xsim.dir/gravity/xsim_script.tcl
# xsim {gravity} -autoloadwcfg -tclbatch {gravity.tcl}
Time resolution is 1 ps
source gravity.tcl
## log_wave -r /
WARNING: [Simtcl 6-197] One or more HDL objects could not be logged because of object type or size limitations.  To see details please rerun the command with -verbose (-v).
## set designtopgroup [add_wave_group "Design Top Signals"]
## set cinoutgroup [add_wave_group "C InOuts" -into $designtopgroup]
## set m1__m2__distc__ap_local_deadlock__ap_return__return_group [add_wave_group m1__m2__distc__ap_local_deadlock__ap_return__return(axi_slave) -into $cinoutgroup]
## add_wave /apatb_gravity_top/AESL_inst_gravity/interrupt -into $m1__m2__distc__ap_local_deadlock__ap_return__return_group -color #ffff00 -radix hex
## add_wave /apatb_gravity_top/AESL_inst_gravity/s_axi_CRTLS_BRESP -into $m1__m2__distc__ap_local_deadlock__ap_return__return_group -radix hex
## add_wave /apatb_gravity_top/AESL_inst_gravity/s_axi_CRTLS_BREADY -into $m1__m2__distc__ap_local_deadlock__ap_return__return_group -color #ffff00 -radix hex
## add_wave /apatb_gravity_top/AESL_inst_gravity/s_axi_CRTLS_BVALID -into $m1__m2__distc__ap_local_deadlock__ap_return__return_group -color #ffff00 -radix hex
## add_wave /apatb_gravity_top/AESL_inst_gravity/s_axi_CRTLS_RRESP -into $m1__m2__distc__ap_local_deadlock__ap_return__return_group -radix hex
## add_wave /apatb_gravity_top/AESL_inst_gravity/s_axi_CRTLS_RDATA -into $m1__m2__distc__ap_local_deadlock__ap_return__return_group -radix hex
## add_wave /apatb_gravity_top/AESL_inst_gravity/s_axi_CRTLS_RREADY -into $m1__m2__distc__ap_local_deadlock__ap_return__return_group -color #ffff00 -radix hex
## add_wave /apatb_gravity_top/AESL_inst_gravity/s_axi_CRTLS_RVALID -into $m1__m2__distc__ap_local_deadlock__ap_return__return_group -color #ffff00 -radix hex
## add_wave /apatb_gravity_top/AESL_inst_gravity/s_axi_CRTLS_ARREADY -into $m1__m2__distc__ap_local_deadlock__ap_return__return_group -color #ffff00 -radix hex
## add_wave /apatb_gravity_top/AESL_inst_gravity/s_axi_CRTLS_ARVALID -into $m1__m2__distc__ap_local_deadlock__ap_return__return_group -color #ffff00 -radix hex
## add_wave /apatb_gravity_top/AESL_inst_gravity/s_axi_CRTLS_ARADDR -into $m1__m2__distc__ap_local_deadlock__ap_return__return_group -radix hex
## add_wave /apatb_gravity_top/AESL_inst_gravity/s_axi_CRTLS_WSTRB -into $m1__m2__distc__ap_local_deadlock__ap_return__return_group -radix hex
## add_wave /apatb_gravity_top/AESL_inst_gravity/s_axi_CRTLS_WDATA -into $m1__m2__distc__ap_local_deadlock__ap_return__return_group -radix hex
## add_wave /apatb_gravity_top/AESL_inst_gravity/s_axi_CRTLS_WREADY -into $m1__m2__distc__ap_local_deadlock__ap_return__return_group -color #ffff00 -radix hex
## add_wave /apatb_gravity_top/AESL_inst_gravity/s_axi_CRTLS_WVALID -into $m1__m2__distc__ap_local_deadlock__ap_return__return_group -color #ffff00 -radix hex
## add_wave /apatb_gravity_top/AESL_inst_gravity/s_axi_CRTLS_AWREADY -into $m1__m2__distc__ap_local_deadlock__ap_return__return_group -color #ffff00 -radix hex
## add_wave /apatb_gravity_top/AESL_inst_gravity/s_axi_CRTLS_AWVALID -into $m1__m2__distc__ap_local_deadlock__ap_return__return_group -color #ffff00 -radix hex
## add_wave /apatb_gravity_top/AESL_inst_gravity/s_axi_CRTLS_AWADDR -into $m1__m2__distc__ap_local_deadlock__ap_return__return_group -radix hex
## set coutputgroup [add_wave_group "C Outputs" -into $designtopgroup]
## set return_group [add_wave_group return(axi_slave) -into $coutputgroup]
## add_wave /apatb_gravity_top/AESL_inst_gravity/ap_local_block -into $return_group -radix hex
## set blocksiggroup [add_wave_group "Block-level IO Handshake(internal)" -into $designtopgroup]
## add_wave /apatb_gravity_top/AESL_inst_gravity/ap_done -into $blocksiggroup
## add_wave /apatb_gravity_top/AESL_inst_gravity/ap_idle -into $blocksiggroup
## add_wave /apatb_gravity_top/AESL_inst_gravity/ap_ready -into $blocksiggroup
## add_wave /apatb_gravity_top/AESL_inst_gravity/ap_start -into $blocksiggroup
## set resetgroup [add_wave_group "Reset" -into $designtopgroup]
## add_wave /apatb_gravity_top/AESL_inst_gravity/ap_rst_n -into $resetgroup
## set clockgroup [add_wave_group "Clock" -into $designtopgroup]
## add_wave /apatb_gravity_top/AESL_inst_gravity/ap_clk -into $clockgroup
## set testbenchgroup [add_wave_group "Test Bench Signals"]
## set tbinternalsiggroup [add_wave_group "Internal Signals" -into $testbenchgroup]
## set tb_simstatus_group [add_wave_group "Simulation Status" -into $tbinternalsiggroup]
## set tb_portdepth_group [add_wave_group "Port Depth" -into $tbinternalsiggroup]
## add_wave /apatb_gravity_top/AUTOTB_TRANSACTION_NUM -into $tb_simstatus_group -radix hex
## add_wave /apatb_gravity_top/ready_cnt -into $tb_simstatus_group -radix hex
## add_wave /apatb_gravity_top/done_cnt -into $tb_simstatus_group -radix hex
## add_wave /apatb_gravity_top/LENGTH_m1 -into $tb_portdepth_group -radix hex
## add_wave /apatb_gravity_top/LENGTH_m2 -into $tb_portdepth_group -radix hex
## add_wave /apatb_gravity_top/LENGTH_distc -into $tb_portdepth_group -radix hex
## add_wave /apatb_gravity_top/LENGTH_ap_return -into $tb_portdepth_group -radix hex
## set tbcinoutgroup [add_wave_group "C InOuts" -into $testbenchgroup]
## set tb_m1__m2__distc__ap_local_deadlock__ap_return__return_group [add_wave_group m1__m2__distc__ap_local_deadlock__ap_return__return(axi_slave) -into $tbcinoutgroup]
## add_wave /apatb_gravity_top/CRTLS_INTERRUPT -into $tb_m1__m2__distc__ap_local_deadlock__ap_return__return_group -color #ffff00 -radix hex
## add_wave /apatb_gravity_top/CRTLS_BRESP -into $tb_m1__m2__distc__ap_local_deadlock__ap_return__return_group -radix hex
## add_wave /apatb_gravity_top/CRTLS_BREADY -into $tb_m1__m2__distc__ap_local_deadlock__ap_return__return_group -color #ffff00 -radix hex
## add_wave /apatb_gravity_top/CRTLS_BVALID -into $tb_m1__m2__distc__ap_local_deadlock__ap_return__return_group -color #ffff00 -radix hex
## add_wave /apatb_gravity_top/CRTLS_RRESP -into $tb_m1__m2__distc__ap_local_deadlock__ap_return__return_group -radix hex
## add_wave /apatb_gravity_top/CRTLS_RDATA -into $tb_m1__m2__distc__ap_local_deadlock__ap_return__return_group -radix hex
## add_wave /apatb_gravity_top/CRTLS_RREADY -into $tb_m1__m2__distc__ap_local_deadlock__ap_return__return_group -color #ffff00 -radix hex
## add_wave /apatb_gravity_top/CRTLS_RVALID -into $tb_m1__m2__distc__ap_local_deadlock__ap_return__return_group -color #ffff00 -radix hex
## add_wave /apatb_gravity_top/CRTLS_ARREADY -into $tb_m1__m2__distc__ap_local_deadlock__ap_return__return_group -color #ffff00 -radix hex
## add_wave /apatb_gravity_top/CRTLS_ARVALID -into $tb_m1__m2__distc__ap_local_deadlock__ap_return__return_group -color #ffff00 -radix hex
## add_wave /apatb_gravity_top/CRTLS_ARADDR -into $tb_m1__m2__distc__ap_local_deadlock__ap_return__return_group -radix hex
## add_wave /apatb_gravity_top/CRTLS_WSTRB -into $tb_m1__m2__distc__ap_local_deadlock__ap_return__return_group -radix hex
## add_wave /apatb_gravity_top/CRTLS_WDATA -into $tb_m1__m2__distc__ap_local_deadlock__ap_return__return_group -radix hex
## add_wave /apatb_gravity_top/CRTLS_WREADY -into $tb_m1__m2__distc__ap_local_deadlock__ap_return__return_group -color #ffff00 -radix hex
## add_wave /apatb_gravity_top/CRTLS_WVALID -into $tb_m1__m2__distc__ap_local_deadlock__ap_return__return_group -color #ffff00 -radix hex
## add_wave /apatb_gravity_top/CRTLS_AWREADY -into $tb_m1__m2__distc__ap_local_deadlock__ap_return__return_group -color #ffff00 -radix hex
## add_wave /apatb_gravity_top/CRTLS_AWVALID -into $tb_m1__m2__distc__ap_local_deadlock__ap_return__return_group -color #ffff00 -radix hex
## add_wave /apatb_gravity_top/CRTLS_AWADDR -into $tb_m1__m2__distc__ap_local_deadlock__ap_return__return_group -radix hex
## set tbcoutputgroup [add_wave_group "C Outputs" -into $testbenchgroup]
## set tb_return_group [add_wave_group return(axi_slave) -into $tbcoutputgroup]
## add_wave /apatb_gravity_top/ap_local_block -into $tb_return_group -radix hex
## save_wave_config gravity.wcfg
## run all
Note: simulation done!
Time: 7755 ns  Iteration: 1  Process: /apatb_gravity_top/generate_sim_done_proc  File: /home/sam/git_workspace/floating-point-axi-lite-slave-interface-/axi_lite_slave_gravity/solution1/sim/vhdl/gravity.autotb.vhd
Failure: NORMAL EXIT (note: failure is to force the simulator to stop)
Time: 7755 ns  Iteration: 1  Process: /apatb_gravity_top/generate_sim_done_proc  File: /home/sam/git_workspace/floating-point-axi-lite-slave-interface-/axi_lite_slave_gravity/solution1/sim/vhdl/gravity.autotb.vhd
$finish called at time : 7755 ns
## quit
INFO: [Common 17-206] Exiting xsim at Fri Feb 25 00:34:38 2022...
